0:0:0:0:0:0:0:1 - - [19/Jul/2022:11:50:16 +0900] "GET / HTTP/1.1" 401 147
0:0:0:0:0:0:0:1 - - [19/Jul/2022:11:50:18 +0900] "GET /user HTTP/1.1" 401 147
0:0:0:0:0:0:0:1 - - [19/Jul/2022:13:17:37 +0900] "GET / HTTP/1.1" 401 147
0:0:0:0:0:0:0:1 - - [19/Jul/2022:13:18:26 +0900] "GET / HTTP/1.1" 401 147
0:0:0:0:0:0:0:1 - - [19/Jul/2022:13:18:28 +0900] "GET / HTTP/1.1" 401 147
0:0:0:0:0:0:0:1 - - [19/Jul/2022:13:29:29 +0900] "POST /auth/oauth/token HTTP/1.1" 401 113
0:0:0:0:0:0:0:1 - - [19/Jul/2022:13:30:06 +0900] "POST /auth/oauth/token HTTP/1.1" 401 113
0:0:0:0:0:0:0:1 - - [19/Jul/2022:13:31:49 +0900] "POST /auth/oauth/token HTTP/1.1" 401 113
0:0:0:0:0:0:0:1 - - [19/Jul/2022:13:36:03 +0900] "POST /auth/oauth/token HTTP/1.1" 401 113
0:0:0:0:0:0:0:1 - - [19/Jul/2022:13:36:12 +0900] "POST /auth/oauth/token HTTP/1.1" 401 113
0:0:0:0:0:0:0:1 - - [19/Jul/2022:13:36:14 +0900] "POST /auth/oauth/token HTTP/1.1" 401 113
0:0:0:0:0:0:0:1 - - [19/Jul/2022:13:37:51 +0900] "POST /auth/oauth/token HTTP/1.1" 400 74
0:0:0:0:0:0:0:1 - - [19/Jul/2022:13:38:52 +0900] "POST /auth/oauth/token HTTP/1.1" 200 182
0:0:0:0:0:0:0:1 - - [19/Jul/2022:13:39:18 +0900] "POST /auth/oauth/token HTTP/1.1" 400 74
0:0:0:0:0:0:0:1 - - [19/Jul/2022:13:40:52 +0900] "POST /auth/oauth/token HTTP/1.1" 400 74
0:0:0:0:0:0:0:1 - - [19/Jul/2022:13:41:03 +0900] "POST /auth/oauth/token HTTP/1.1" 401 113
0:0:0:0:0:0:0:1 - - [19/Jul/2022:13:41:09 +0900] "POST /auth/oauth/token HTTP/1.1" 400 74
0:0:0:0:0:0:0:1 - - [19/Jul/2022:13:41:35 +0900] "POST /auth/oauth/token HTTP/1.1" 400 74
0:0:0:0:0:0:0:1 - - [19/Jul/2022:13:41:37 +0900] "POST /auth/oauth/token HTTP/1.1" 400 74
0:0:0:0:0:0:0:1 - - [19/Jul/2022:13:43:51 +0900] "POST /auth/oauth/token HTTP/1.1" 401 113
0:0:0:0:0:0:0:1 - - [19/Jul/2022:13:44:04 +0900] "POST /auth/oauth/token HTTP/1.1" 400 74
0:0:0:0:0:0:0:1 - - [19/Jul/2022:13:44:28 +0900] "POST /auth/oauth/token HTTP/1.1" 200 182
0:0:0:0:0:0:0:1 - - [19/Jul/2022:13:44:38 +0900] "POST /auth/oauth/token HTTP/1.1" 400 74
0:0:0:0:0:0:0:1 - - [19/Jul/2022:13:47:15 +0900] "GET /auth/user HTTP/1.1" 200 219
0:0:0:0:0:0:0:1 - - [19/Jul/2022:14:51:23 +0900] "POST /auth/oauth/token HTTP/1.1" 400 74
0:0:0:0:0:0:0:1 - - [19/Jul/2022:14:53:31 +0900] "POST /auth/oauth/token HTTP/1.1" 200 182
0:0:0:0:0:0:0:1 - - [19/Jul/2022:14:54:01 +0900] "GET /auth/user HTTP/1.1" 200 219
0:0:0:0:0:0:0:1 - - [19/Jul/2022:16:10:32 +0900] "POST /auth/oauth/token HTTP/1.1" 200 182
0:0:0:0:0:0:0:1 - - [19/Jul/2022:16:10:48 +0900] "GET /auth/user HTTP/1.1" 200 219
0:0:0:0:0:0:0:1 - - [19/Jul/2022:16:11:15 +0900] "POST /access-resource HTTP/1.1" 404 431
0:0:0:0:0:0:0:1 - - [19/Jul/2022:16:12:02 +0900] "POST /admin/access-resource HTTP/1.1" 404 431
0:0:0:0:0:0:0:1 - - [19/Jul/2022:16:12:37 +0900] "POST /auth/access-resource HTTP/1.1" 200 9
0:0:0:0:0:0:0:1 - - [19/Jul/2022:16:12:40 +0900] "POST /admin/access-resource HTTP/1.1" 404 431
0:0:0:0:0:0:0:1 - - [19/Jul/2022:16:12:47 +0900] "POST /auth/admin/access-resource HTTP/1.1" 403 75
